<?xml version="1.0" encoding="UTF-8"?>
<!-- Generated by org.testng.reporters.JUnitReportReporter -->
<testsuite hostname="DESKTOP-224H5BU" failures="0" tests="1" name="testcases.HomePageTest" time="0.041" errors="0" timestamp="2024-08-03T13:23:58 IST" skipped="0">
  <testcase classname="testcases.HomePageTest" name="test01_titleTest" time="0.041"/>
</testsuite> <!-- testcases.HomePageTest -->
