<?xml version="1.0" encoding="UTF-8"?>
<!-- Generated by org.testng.reporters.JUnitReportReporter -->
<testsuite hostname="Dell-PC" name="testcases.HomePageTest" tests="2" failures="0" timestamp="30 Nov 2019 06:49:15 GMT" time="1.206" errors="0">
  <testcase name="test01_titleTest" time="0.035" classname="testcases.HomePageTest"/>
  <testcase name="test02_contentTest" time="1.171" classname="testcases.HomePageTest"/>
</testsuite> <!-- testcases.HomePageTest -->
